{
	"status": "Success",
	"responseCode": "000",
	"refCode": "",
	"moreFlag": "Y",
	"recordCursor": "8vDy8GDw82Dy82Dx8Uv18Uv08Evy+fLx9/U=",
	"paymentTrackerSummaryList": [
		{
			"dcpKey": "8vDy8GDw9GDw8mDx+Evy8Ev18Ev28Pj18vA=",
			"transferDate": "2020-04-24",
			"beneficiaryName": "444444",
			"createDate": "2020-04-02-18.20.50.608520",
			"transactionType": "PYSGL3RP",
			"activityLogTransactionStatus": "I",
			"transferFrom": {
				"accountName": "HKD Savings",
				"accountNumber": "200-8-000123",
				"accountNumberValue": "2008000123"
			},
			"transferAmount": {
				"currency": "HKD",
				"amount": 1
			},
			"instructionSystemReference": "N40164560734",
			"remReference": "HS124040BI522341",
			"transactionDate": "2020-04-24",
			"tdsTransactionStatus": "inProgress"
		},
		{
			"dcpKey": "8vDy8GDw9GDw8mDy80vx80v19Uv58fnw8/I=",
			"transferDate": "2020-04-23",
			"beneficiaryName": "123456",
			"createDate": "2020-04-02-23.13.55.919032",
			"transactionType": "PYSGL3RP",
			"activityLogTransactionStatus": "I",
			"transferFrom": {
				"accountName": "HKD Savings",
				"accountNumber": "200-8-000123",
				"accountNumberValue": "2008000123"
			},
			"transferAmount": {
				"currency": "HKD",
				"amount": 31
			},
			"instructionSystemReference": "N40164560902",
			"remReference": "HS123040BI522337",
			"transactionDate": "2020-04-23",
			"tdsTransactionStatus": "inProgress"
		},
		{
			"dcpKey": "8vDy8GDw9GDy8WDx8Ev19kvx8Ev19fjy8/g=",
			"transferDate": "2020-04-21",
			"beneficiaryName": "CHAT CNY IN ENENENENENENENENENENENE",
			"createDate": "2020-04-21-10.56.10.558238",
			"transactionType": "PYSGL3RP",
			"activityLogTransactionStatus": "I",
			"transferFrom": {
				"accountName": "Integrated Account AUD Savings",
				"accountNumber": "204-181838-883",
				"accountNumberValue": "204181838883"
			},
			"transferAmount": {
				"currency": "CNY",
				"amount": 43.88
			},
			"instructionSystemReference": "N42164880245",
			"remReference": "HS121040BI591629",
			"transactionDate": "2020-04-21",
			"tdsTransactionStatus": "inProgress"
		},
		{
			"dcpKey": "8vDy8GDw9GDx+GDy8kvy9Uv0+Uvx8/H59vI=",
			"transferDate": "2020-04-20",
			"beneficiaryName": "EXPRESS",
			"createDate": "2020-04-18-22.25.49.131962",
			"transactionType": "PYSGL3CP",
			"activityLogTransactionStatus": "C",
			"transferFrom": {
				"accountName": "Integrated Account HKD Savings",
				"accountNumber": "204-181838-883",
				"accountNumberValue": "204181838883"
			},
			"transferAmount": {
				"currency": "HKD",
				"amount": 33.33
			},
			"instructionSystemReference": "N41864863673",
			"remReference": "HS120040BI591620",
			"transactionDate": "2020-04-20",
			"tdsTransactionStatus": "inProgress"
		},
		{
			"dcpKey": "8vDy8GDw9GDx+GDy8kvy+Evw80vx9fPw9fc=",
			"transferDate": "2020-04-20",
			"beneficiaryName": "EXPRESS",
			"createDate": "2020-04-18-22.28.03.153057",
			"transactionType": "PYSGL3CP",
			"activityLogTransactionStatus": "C",
			"transferFrom": {
				"accountName": "Integrated Account HKD Savings",
				"accountNumber": "204-181838-883",
				"accountNumberValue": "204181838883"
			},
			"transferAmount": {
				"currency": "HKD",
				"amount": 33.33
			},
			"instructionSystemReference": "N41864863688",
			"remReference": "HS120040BI591621",
			"transactionDate": "2020-04-20",
			"tdsTransactionStatus": "inProgress"
		},
		{
			"dcpKey": "8vDy8GDw9GDy8GDw+Uvw9kvx+Evx+Pf38fY=",
			"transferDate": "2020-04-20",
			"beneficiaryName": "AUTO CHATS",
			"createDate": "2020-04-20-09.06.18.187716",
			"transactionType": "PYSGL3CP",
			"activityLogTransactionStatus": "C",
			"transferFrom": {
				"accountName": "Integrated Account HKD Savings",
				"accountNumber": "204-181838-883",
				"accountNumberValue": "204181838883"
			},
			"transferAmount": {
				"currency": "HKD",
				"amount": 788.33
			},
			"instructionSystemReference": "N42064876504",
			"remReference": "HS120040BI591608",
			"transactionDate": "2020-04-20",
			"tdsTransactionStatus": "inProgress"
		},
		{
			"dcpKey": "8vDy8GDw9GDy8GDw+Uvw+Evy+Evz+PXz+fQ=",
			"transferDate": "2020-04-20",
			"beneficiaryName": "AUTO CHATS",
			"createDate": "2020-04-20-09.08.28.385394",
			"transactionType": "PYSGL3CP",
			"activityLogTransactionStatus": "I",
			"transferFrom": {
				"accountName": "Integrated Account CHF Savings",
				"accountNumber": "204-181838-883",
				"accountNumberValue": "204181838883"
			},
			"transferAmount": {
				"currency": "HKD",
				"amount": 596.33
			},
			"instructionSystemReference": "N42064876450",
			"remReference": "HS120040BI591609",
			"transactionDate": "2020-04-20",
			"tdsTransactionStatus": "inProgress"
		},
		{
			"dcpKey": "8vDy8GDw9GDy8GDw+Uvw+Uv08kv19vP48vA=",
			"transferDate": "2020-04-20",
			"beneficiaryName": "AUTO CHATS",
			"createDate": "2020-04-20-09.09.42.563820",
			"transactionType": "PYSGL3CP",
			"activityLogTransactionStatus": "C",
			"transferFrom": {
				"accountName": "Integrated Account HKD Savings",
				"accountNumber": "204-181838-883",
				"accountNumberValue": "204181838883"
			},
			"transferAmount": {
				"currency": "HKD",
				"amount": 888.33
			},
			"instructionSystemReference": "N42064876505",
			"remReference": "HS120040BI591610",
			"transactionDate": "2020-04-20",
			"tdsTransactionStatus": "inProgress"
		},
		{
			"dcpKey": "8vDy8GDw9GDy8GDw+Uvx8Uvw8Uv18fj39vQ=",
			"transferDate": "2020-04-20",
			"beneficiaryName": "AUTO CHATS",
			"createDate": "2020-04-20-09.11.01.518764",
			"transactionType": "PYSGL3CP",
			"activityLogTransactionStatus": "C",
			"transferFrom": {
				"accountName": "Integrated Account HKD Savings",
				"accountNumber": "204-181838-883",
				"accountNumberValue": "204181838883"
			},
			"transferAmount": {
				"currency": "HKD",
				"amount": 340.33
			},
			"instructionSystemReference": "N42064876451",
			"remReference": "HS120040BI591611",
			"transactionDate": "2020-04-20",
			"tdsTransactionStatus": "inProgress"
		},
		{
			"dcpKey": "8vDy8GDw9GDy8GDw+Uvx8kvz9Evz9vjw9/k=",
			"transferDate": "2020-04-20",
			"beneficiaryName": "AUTO CHATS",
			"createDate": "2020-04-20-09.12.34.368079",
			"transactionType": "PYSGL3CP",
			"activityLogTransactionStatus": "C",
			"transferFrom": {
				"accountName": "Integrated Account HKD Current",
				"accountNumber": "204-181838-883",
				"accountNumberValue": "204181838883"
			},
			"transferAmount": {
				"currency": "HKD",
				"amount": 986.33
			},
			"instructionSystemReference": "N42064876506",
			"remReference": "HS120040BI591612",
			"transactionDate": "2020-04-20",
			"tdsTransactionStatus": "inProgress"
		},
		{
			"dcpKey": "8vDy8GDw9GDy8GDw+Uvx80vy+Uv58PLz8/A=",
			"transferDate": "2020-04-20",
			"beneficiaryName": "AUTO CHATS",
			"createDate": "2020-04-20-09.13.29.902330",
			"transactionType": "PYSGL3CP",
			"activityLogTransactionStatus": "C",
			"transferFrom": {
				"accountName": "Integrated Account HKD Savings",
				"accountNumber": "204-181838-883",
				"accountNumberValue": "204181838883"
			},
			"transferAmount": {
				"currency": "HKD",
				"amount": 251.32
			},
			"instructionSystemReference": "N42064876507",
			"remReference": "HS120040BI591613",
			"transactionDate": "2020-04-20",
			"tdsTransactionStatus": "inProgress"
		},
		{
			"dcpKey": "8vDy8GDw9GDy8GDw+Uvz8Ev090v2+PLx8PY=",
			"transferDate": "2020-04-20",
			"beneficiaryName": "ORTT JPY SWIFT CODE NO INTER BANK",
			"createDate": "2020-04-20-09.30.47.682106",
			"transactionType": "PYSGL3RP",
			"activityLogTransactionStatus": "I",
			"transferFrom": {
				"accountName": "Integrated Account NZD Savings",
				"accountNumber": "204-181838-883",
				"accountNumberValue": "204181838883"
			},
			"transferAmount": {
				"currency": "JPY",
				"amount": 2953
			},
			"instructionSystemReference": "N42064876508",
			"remReference": "HS120040BI522310",
			"transactionDate": "2020-04-20",
			"tdsTransactionStatus": "inProgress"
		},
		{
			"dcpKey": "8vDy8GDw9GDy8GDw+Uvz8Uv0+Evw9vb58vY=",
			"transferDate": "2020-04-20",
			"beneficiaryName": "ORTT JPY SWIFT CODE NO INTER BANK",
			"createDate": "2020-04-20-09.31.48.066926",
			"transactionType": "PYSGL3RP",
			"activityLogTransactionStatus": "I",
			"transferFrom": {
				"accountName": "Integrated Account NZD Savings",
				"accountNumber": "204-181838-883",
				"accountNumberValue": "204181838883"
			},
			"transferAmount": {
				"currency": "JPY",
				"amount": 1983
			},
			"instructionSystemReference": "N42064876509",
			"remReference": "HS120040BI522311",
			"transactionDate": "2020-04-20",
			"tdsTransactionStatus": "inProgress"
		},
		{
			"dcpKey": "8vDy8GDw9GDy8GDw+Uvz8kv0+Uvw9vb09PM=",
			"transferDate": "2020-04-20",
			"beneficiaryName": "ORTT JPY SWIFT CODE NO INTER BANK",
			"createDate": "2020-04-20-09.32.49.066443",
			"transactionType": "PYSGL3RP",
			"activityLogTransactionStatus": "I",
			"transferFrom": {
				"accountName": "Integrated Account NZD Savings",
				"accountNumber": "204-181838-883",
				"accountNumberValue": "204181838883"
			},
			"transferAmount": {
				"currency": "JPY",
				"amount": 4703
			},
			"instructionSystemReference": "N42064876512",
			"remReference": "HS120040BI522312",
			"transactionDate": "2020-04-20",
			"tdsTransactionStatus": "inProgress"
		},
		{
			"dcpKey": "8vDy8GDw9GDy8GDw+Uvz80v090vx9PL28PU=",
			"transferDate": "2020-04-20",
			"beneficiaryName": "ORTT JPY SWIFT CODE NO INTER BANK",
			"createDate": "2020-04-20-09.33.47.142605",
			"transactionType": "PYSGL3RP",
			"activityLogTransactionStatus": "I",
			"transferFrom": {
				"accountName": "Integrated Account NZD Savings",
				"accountNumber": "204-181838-883",
				"accountNumberValue": "204181838883"
			},
			"transferAmount": {
				"currency": "JPY",
				"amount": 4983
			},
			"instructionSystemReference": "N42064876453",
			"remReference": "HS120040BI522313",
			"transactionDate": "2020-04-20",
			"tdsTransactionStatus": "inProgress"
		},
		{
			"dcpKey": "8vDy8GDw9GDy8GDw+Uvz9Ev08Uvx8Pnz8/g=",
			"transferDate": "2020-04-20",
			"beneficiaryName": "ORTT JPY SWIFT CODE NO INTER BANK",
			"createDate": "2020-04-20-09.34.41.109338",
			"transactionType": "PYSGL3RP",
			"activityLogTransactionStatus": "I",
			"transferFrom": {
				"accountName": "Integrated Account NZD Savings",
				"accountNumber": "204-181838-883",
				"accountNumberValue": "204181838883"
			},
			"transferAmount": {
				"currency": "JPY",
				"amount": 2943
			},
			"instructionSystemReference": "N42064876513",
			"remReference": "HS120040BI522314",
			"transactionDate": "2020-04-20",
			"tdsTransactionStatus": "inProgress"
		},
		{
			"dcpKey": "8vDy8GDw9GDy8GDw+Uvz9Uv09Uv48fL28vA=",
			"transferDate": "2020-04-20",
			"beneficiaryName": "ORTT JPY SWIFT CODE NO INTER BANK",
			"createDate": "2020-04-20-09.35.45.812620",
			"transactionType": "PYSGL3RP",
			"activityLogTransactionStatus": "I",
			"transferFrom": {
				"accountName": "Integrated Account NZD Savings",
				"accountNumber": "204-181838-883",
				"accountNumberValue": "204181838883"
			},
			"transferAmount": {
				"currency": "JPY",
				"amount": 3653
			},
			"instructionSystemReference": "N42064876514",
			"remReference": "HS120040BI522315",
			"transactionDate": "2020-04-20",
			"tdsTransactionStatus": "inProgress"
		},
		{
			"dcpKey": "8vDy8GDw9GDy8GDw+Uvz+Uvw8kvy9vDz8vM=",
			"transferDate": "2020-04-20",
			"beneficiaryName": "CHAT CNY IN ENENENENENENENENENENENE",
			"createDate": "2020-04-20-09.39.02.260323",
			"transactionType": "PYSGL3RP",
			"activityLogTransactionStatus": "I",
			"transferFrom": {
				"accountName": "Integrated Account NZD Savings",
				"accountNumber": "204-181838-883",
				"accountNumberValue": "204181838883"
			},
			"transferAmount": {
				"currency": "CNY",
				"amount": 163.34
			},
			"instructionSystemReference": "N42064876515",
			"remReference": "HS120040BI591614",
			"transactionDate": "2020-04-20",
			"tdsTransactionStatus": "inProgress"
		},
		{
			"dcpKey": "8vDy8GDw9GDy8GDw+Uvz+Uv09Uv29vb5+PM=",
			"transferDate": "2020-04-20",
			"beneficiaryName": "CHAT CNY IN ENENENENENENENENENENENE",
			"createDate": "2020-04-20-09.39.45.666983",
			"transactionType": "PYSGL3RP",
			"activityLogTransactionStatus": "I",
			"transferFrom": {
				"accountName": "Integrated Account NZD Savings",
				"accountNumber": "204-181838-883",
				"accountNumberValue": "204181838883"
			},
			"transferAmount": {
				"currency": "CNY",
				"amount": 400.34
			},
			"instructionSystemReference": "N42064876516",
			"remReference": "HS120040BI591615",
			"transactionDate": "2020-04-20",
			"tdsTransactionStatus": "inProgress"
		},
		{
			"dcpKey": "8vDy8GDw9GDy8GDw+Uv08Evz90v48/X38vg=",
			"transferDate": "2020-04-20",
			"beneficiaryName": "CHAT CNY IN ENENENENENENENENENENENE",
			"createDate": "2020-04-20-09.40.37.835728",
			"transactionType": "PYSGL3RP",
			"activityLogTransactionStatus": "I",
			"transferFrom": {
				"accountName": "Integrated Account NZD Savings",
				"accountNumber": "204-181838-883",
				"accountNumberValue": "204181838883"
			},
			"transferAmount": {
				"currency": "CNY",
				"amount": 164.34
			},
			"instructionSystemReference": "N42064876454",
			"remReference": "HS120040BI591616",
			"transactionDate": "2020-04-20",
			"tdsTransactionStatus": "inProgress"
		},
		{
			"dcpKey": "8vDy8GDw9GDy8GDw+Uv08Uvz8Uv1+fbz+PY=",
			"transferDate": "2020-04-20",
			"beneficiaryName": "CHAT CNY IN ENENENENENENENENENENENE",
			"createDate": "2020-04-20-09.41.31.596386",
			"transactionType": "PYSGL3RP",
			"activityLogTransactionStatus": "I",
			"transferFrom": {
				"accountName": "Integrated Account NZD Savings",
				"accountNumber": "204-181838-883",
				"accountNumberValue": "204181838883"
			},
			"transferAmount": {
				"currency": "CNY",
				"amount": 236.34
			},
			"instructionSystemReference": "N42064876517",
			"remReference": "HS120040BI591617",
			"transactionDate": "2020-04-20",
			"tdsTransactionStatus": "inProgress"
		},
		{
			"dcpKey": "8vDy8GDw9GDy8GDw+Uv08kvy9kvz9vL19/E=",
			"transferDate": "2020-04-20",
			"beneficiaryName": "CHAT CNY IN ENENENENENENENENENENENE",
			"createDate": "2020-04-20-09.42.26.362571",
			"transactionType": "PYSGL3RP",
			"activityLogTransactionStatus": "I",
			"transferFrom": {
				"accountName": "Integrated Account NZD Savings",
				"accountNumber": "204-181838-883",
				"accountNumberValue": "204181838883"
			},
			"transferAmount": {
				"currency": "CNY",
				"amount": 314.34
			},
			"instructionSystemReference": "N42064876519",
			"remReference": "HS120040BI591618",
			"transactionDate": "2020-04-20",
			"tdsTransactionStatus": "inProgress"
		},
		{
			"dcpKey": "8vDy8GDw9GDy8GDw+Uv080vx80vz8vDx9/A=",
			"transferDate": "2020-04-20",
			"beneficiaryName": "CHAT CNY IN ENENENENENENENENENENENE",
			"createDate": "2020-04-20-09.43.13.320170",
			"transactionType": "PYSGL3RP",
			"activityLogTransactionStatus": "I",
			"transferFrom": {
				"accountName": "Integrated Account NZD Savings",
				"accountNumber": "204-181838-883",
				"accountNumberValue": "204181838883"
			},
			"transferAmount": {
				"currency": "CNY",
				"amount": 337.34
			},
			"instructionSystemReference": "N42064876520",
			"remReference": "HS120040BI591619",
			"transactionDate": "2020-04-20",
			"tdsTransactionStatus": "inProgress"
		},
		{
			"dcpKey": "8vDy8GDw9GDy8GDx9Evy9Uvz8Evx8vTy9/Q=",
			"transferDate": "2020-04-20",
			"beneficiaryName": "ORTT USD BANK DETAIL INTER",
			"createDate": "2020-04-20-14.25.30.124274",
			"transactionType": "PYSGL3RP",
			"activityLogTransactionStatus": "I",
			"transferFrom": {
				"accountName": "Integrated Account USD Savings",
				"accountNumber": "204-181838-883",
				"accountNumberValue": "204181838883"
			},
			"transferAmount": {
				"currency": "USD",
				"amount": 181.34
			},
			"instructionSystemReference": "N42064877677",
			"remReference": "HS120040BI522316",
			"transactionDate": "2020-04-20",
			"tdsTransactionStatus": "inProgress"
		},
		{
			"dcpKey": "8vDy8GDw9GDy8GDx9Evy9kv180v09vHy+fk=",
			"transferDate": "2020-04-20",
			"beneficiaryName": "ORTT USD BANK DETAIL INTER",
			"createDate": "2020-04-20-14.26.53.461299",
			"transactionType": "PYSGL3RP",
			"activityLogTransactionStatus": "I",
			"transferFrom": {
				"accountName": "Integrated Account USD Savings",
				"accountNumber": "204-181838-883",
				"accountNumberValue": "204181838883"
			},
			"transferAmount": {
				"currency": "USD",
				"amount": 198.34
			},
			"instructionSystemReference": "N42064877679",
			"remReference": "HS120040BI522317",
			"transactionDate": "2020-04-20",
			"tdsTransactionStatus": "inProgress"
		},
		{
			"dcpKey": "8vDy8GDw9GDy8GDx9Evy+Evw9kvx+ffy8/c=",
			"transferDate": "2020-04-20",
			"beneficiaryName": "ORTT USD BANK DETAIL INTER",
			"createDate": "2020-04-20-14.28.06.197237",
			"transactionType": "PYSGL3RP",
			"activityLogTransactionStatus": "I",
			"transferFrom": {
				"accountName": "Integrated Account USD Savings",
				"accountNumber": "204-181838-883",
				"accountNumberValue": "204181838883"
			},
			"transferAmount": {
				"currency": "USD",
				"amount": 497.34
			},
			"instructionSystemReference": "N42064877701",
			"remReference": "HS120040BI522318",
			"transactionDate": "2020-04-20",
			"tdsTransactionStatus": "inProgress"
		},
		{
			"dcpKey": "8vDy8GDw9GDy8GDx9Evy+Uvx9Uv49/f5+fE=",
			"transferDate": "2020-04-20",
			"beneficiaryName": "ORTT USD BANK DETAIL INTER",
			"createDate": "2020-04-20-14.29.15.877991",
			"transactionType": "PYSGL3RP",
			"activityLogTransactionStatus": "I",
			"transferFrom": {
				"accountName": "Integrated Account USD Savings",
				"accountNumber": "204-181838-883",
				"accountNumberValue": "204181838883"
			},
			"transferAmount": {
				"currency": "USD",
				"amount": 214.34
			},
			"instructionSystemReference": "N42064877685",
			"remReference": "HS120040BI522319",
			"transactionDate": "2020-04-20",
			"tdsTransactionStatus": "inProgress"
		},
		{
			"dcpKey": "8vDy8GDw9GDy8GDx9Evz8kv18kv29vjz9PQ=",
			"transferDate": "2020-04-20",
			"beneficiaryName": "ORTT USD BANK DETAIL INTER",
			"createDate": "2020-04-20-14.32.52.668344",
			"transactionType": "PYSGL3RP",
			"activityLogTransactionStatus": "I",
			"transferFrom": {
				"accountName": "Integrated Account USD Savings",
				"accountNumber": "204-181838-883",
				"accountNumberValue": "204181838883"
			},
			"transferAmount": {
				"currency": "USD",
				"amount": 177.34
			},
			"instructionSystemReference": "N42064877704",
			"remReference": "HS120040BI522320",
			"transactionDate": "2020-04-20",
			"tdsTransactionStatus": "inProgress"
		},
		{
			"dcpKey": "8vDy8GDw9GDy8GDx90vx90v08Uvy9vbx9vM=",
			"transferDate": "2020-04-20",
			"beneficiaryName": "ORTT CNY BANK DETAIL SPECIFY INTER",
			"createDate": "2020-04-20-17.17.41.266163",
			"transactionType": "PYSGL3RP",
			"activityLogTransactionStatus": "C",
			"transferFrom": {
				"accountName": "Integrated Account USD Savings",
				"accountNumber": "204-181838-883",
				"accountNumberValue": "204181838883"
			},
			"transferAmount": {
				"currency": "USD",
				"amount": 380.34
			},
			"instructionSystemReference": "N42064877840",
			"remReference": "HS120040BI522321",
			"transactionDate": "2020-04-20",
			"tdsTransactionStatus": "inProgress"
		},
		{
			"dcpKey": "8vDy8GDw9GDy8GDx90vx+Ev18Evx+fny+PQ=",
			"transferDate": "2020-04-20",
			"beneficiaryName": "ORTT CNY BANK DETAIL SPECIFY INTER",
			"createDate": "2020-04-20-17.18.50.199284",
			"transactionType": "PYSGL3RP",
			"activityLogTransactionStatus": "C",
			"transferFrom": {
				"accountName": "Integrated Account USD Savings",
				"accountNumber": "204-181838-883",
				"accountNumberValue": "204181838883"
			},
			"transferAmount": {
				"currency": "USD",
				"amount": 320.34
			},
			"instructionSystemReference": "N42064877841",
			"remReference": "HS120040BI522322",
			"transactionDate": "2020-04-20",
			"tdsTransactionStatus": "inProgress"
		},
		{
			"dcpKey": "8vDy8GDw9GDy8GDx90vy8Evw80vx9PLz8PI=",
			"transferDate": "2020-04-20",
			"beneficiaryName": "ORTT CNY BANK DETAIL SPECIFY INTER",
			"createDate": "2020-04-20-17.20.03.142302",
			"transactionType": "PYSGL3RP",
			"activityLogTransactionStatus": "C",
			"transferFrom": {
				"accountName": "Integrated Account USD Savings",
				"accountNumber": "204-181838-883",
				"accountNumberValue": "204181838883"
			},
			"transferAmount": {
				"currency": "USD",
				"amount": 481.34
			},
			"instructionSystemReference": "N42064877816",
			"remReference": "HS120040BI522323",
			"transactionDate": "2020-04-20",
			"tdsTransactionStatus": "inProgress"
		},
		{
			"dcpKey": "8vDy8GDw9GDy8GDx90vy8kvx80v18PXx9vY=",
			"transferDate": "2020-04-20",
			"beneficiaryName": "ORTT CNY BANK DETAIL SPECIFY INTER",
			"createDate": "2020-04-20-17.22.13.505166",
			"transactionType": "PYSGL3RP",
			"activityLogTransactionStatus": "C",
			"transferFrom": {
				"accountName": "Integrated Account USD Savings",
				"accountNumber": "204-181838-883",
				"accountNumberValue": "204181838883"
			},
			"transferAmount": {
				"currency": "USD",
				"amount": 246.34
			},
			"instructionSystemReference": "N42064877842",
			"remReference": "HS120040BI522324",
			"transactionDate": "2020-04-20",
			"tdsTransactionStatus": "inProgress"
		},
		{
			"dcpKey": "8vDy8GDw9GDy8GDx90vy80vx90v59fb28vk=",
			"transferDate": "2020-04-20",
			"beneficiaryName": "ORTT CNY BANK DETAIL SPECIFY INTER",
			"createDate": "2020-04-20-17.23.17.956629",
			"transactionType": "PYSGL3RP",
			"activityLogTransactionStatus": "C",
			"transferFrom": {
				"accountName": "Integrated Account USD Savings",
				"accountNumber": "204-181838-883",
				"accountNumberValue": "204181838883"
			},
			"transferAmount": {
				"currency": "USD",
				"amount": 493.34
			},
			"instructionSystemReference": "N42064877847",
			"remReference": "HS120040BI522325",
			"transactionDate": "2020-04-20",
			"tdsTransactionStatus": "inProgress"
		},
		{
			"dcpKey": "8vDy8GDw9GDy8GDx90vy9Evy+Ev38/T18/A=",
			"transferDate": "2020-04-20",
			"beneficiaryName": "ORTT CNY BANK DETAIL SPECIFY INTER",
			"createDate": "2020-04-20-17.24.28.734530",
			"transactionType": "PYSGL3RP",
			"activityLogTransactionStatus": "C",
			"transferFrom": {
				"accountName": "Integrated Account USD Savings",
				"accountNumber": "204-181838-883",
				"accountNumberValue": "204181838883"
			},
			"transferAmount": {
				"currency": "USD",
				"amount": 328.34
			},
			"instructionSystemReference": "N42064877862",
			"remReference": "HS120040BI522326",
			"transactionDate": "2020-04-20",
			"tdsTransactionStatus": "inProgress"
		},
		{
			"dcpKey": "8vDy8GDw9GDy8GDx90vz8Evx90vy8/j18PA=",
			"transferDate": "2020-04-20",
			"beneficiaryName": "ORTT USD SWIFT CODE INTER",
			"createDate": "2020-04-20-17.30.17.238500",
			"transactionType": "PYSGL3RP",
			"activityLogTransactionStatus": "C",
			"transferFrom": {
				"accountName": "Integrated Account GBP Savings",
				"accountNumber": "204-181838-883",
				"accountNumberValue": "204181838883"
			},
			"transferAmount": {
				"currency": "USD",
				"amount": 401.44
			},
			"instructionSystemReference": "N42064877853",
			"remReference": "HS120040BI522327",
			"transactionDate": "2020-04-20",
			"tdsTransactionStatus": "inProgress"
		},
		{
			"dcpKey": "8vDy8GDw9GDy8GDx90vz8Uvz8kv5+fj28/k=",
			"transferDate": "2020-04-20",
			"beneficiaryName": "ORTT USD SWIFT CODE INTER",
			"createDate": "2020-04-20-17.31.32.998639",
			"transactionType": "PYSGL3RP",
			"activityLogTransactionStatus": "C",
			"transferFrom": {
				"accountName": "Integrated Account GBP Savings",
				"accountNumber": "204-181838-883",
				"accountNumberValue": "204181838883"
			},
			"transferAmount": {
				"currency": "USD",
				"amount": 264.44
			},
			"instructionSystemReference": "N42064877854",
			"remReference": "HS120040BI522328",
			"transactionDate": "2020-04-20",
			"tdsTransactionStatus": "inProgress"
		},
		{
			"dcpKey": "8vDy8GDw9GDy8GDx90vz8kv08kv18vT59vg=",
			"transferDate": "2020-04-20",
			"beneficiaryName": "ORTT USD SWIFT CODE INTER",
			"createDate": "2020-04-20-17.32.42.524968",
			"transactionType": "PYSGL3RP",
			"activityLogTransactionStatus": "C",
			"transferFrom": {
				"accountName": "Integrated Account GBP Savings",
				"accountNumber": "204-181838-883",
				"accountNumberValue": "204181838883"
			},
			"transferAmount": {
				"currency": "USD",
				"amount": 296.44
			},
			"instructionSystemReference": "N42064877863",
			"remReference": "HS120040BI522329",
			"transactionDate": "2020-04-20",
			"tdsTransactionStatus": "inProgress"
		},
		{
			"dcpKey": "8vDy8GDw9GDy8GDx90vz80v18Uvx8/Xz9PE=",
			"transferDate": "2020-04-20",
			"beneficiaryName": "ORTT USD SWIFT CODE INTER",
			"createDate": "2020-04-20-17.33.51.135341",
			"transactionType": "PYSGL3RP",
			"activityLogTransactionStatus": "C",
			"transferFrom": {
				"accountName": "Integrated Account GBP Savings",
				"accountNumber": "204-181838-883",
				"accountNumberValue": "204181838883"
			},
			"transferAmount": {
				"currency": "USD",
				"amount": 427.44
			},
			"instructionSystemReference": "N42064877855",
			"remReference": "HS120040BI522330",
			"transactionDate": "2020-04-20",
			"tdsTransactionStatus": "inProgress"
		},
		{
			"dcpKey": "8vDy8GDw9GDy8GDx90vz9Ev1+Ev49vjx9vY=",
			"transferDate": "2020-04-20",
			"beneficiaryName": "ORTT USD SWIFT CODE INTER",
			"createDate": "2020-04-20-17.34.58.868166",
			"transactionType": "PYSGL3RP",
			"activityLogTransactionStatus": "C",
			"transferFrom": {
				"accountName": "Integrated Account GBP Savings",
				"accountNumber": "204-181838-883",
				"accountNumberValue": "204181838883"
			},
			"transferAmount": {
				"currency": "USD",
				"amount": 307.44
			},
			"instructionSystemReference": "N42064877864",
			"remReference": "HS120040BI522331",
			"transactionDate": "2020-04-20",
			"tdsTransactionStatus": "inProgress"
		},
		{
			"dcpKey": "8vDy8GDw9GDy8GDx90vz9kvx8kv28vb29/Q=",
			"transferDate": "2020-04-20",
			"beneficiaryName": "ORTT USD SWIFT CODE INTER",
			"createDate": "2020-04-20-17.36.12.626674",
			"transactionType": "PYSGL3RP",
			"activityLogTransactionStatus": "I",
			"transferFrom": {
				"accountName": "Integrated Account GBP Savings",
				"accountNumber": "204-181838-883",
				"accountNumberValue": "204181838883"
			},
			"transferAmount": {
				"currency": "USD",
				"amount": 220.44
			},
			"instructionSystemReference": "N42064877866",
			"remReference": "HS120040BI522332",
			"transactionDate": "2020-04-20",
			"tdsTransactionStatus": "inProgress"
		},
		{
			"dcpKey": "8vDy8GDw9GDy8GDx90v18Uvx8Uv48PXy9PQ=",
			"transferDate": "2020-04-20",
			"beneficiaryName": "CHAT USD 12341111111111111111111111",
			"createDate": "2020-04-20-17.51.11.805244",
			"transactionType": "PYSGL3CP",
			"activityLogTransactionStatus": "C",
			"transferFrom": {
				"accountName": "Integrated Account GBP Savings",
				"accountNumber": "204-181838-883",
				"accountNumberValue": "204181838883"
			},
			"transferAmount": {
				"currency": "USD",
				"amount": 155.55
			},
			"instructionSystemReference": "N42064877914",
			"remReference": "HS120040BI591622",
			"transactionDate": "2020-04-20",
			"tdsTransactionStatus": "inProgress"
		},
		{
			"dcpKey": "8vDy8GDw9GDy8GDx90v18kvy90v39PT08vA=",
			"transferDate": "2020-04-20",
			"beneficiaryName": "CHAT USD 12341111111111111111111111",
			"createDate": "2020-04-20-17.52.27.744420",
			"transactionType": "PYSGL3CP",
			"activityLogTransactionStatus": "C",
			"transferFrom": {
				"accountName": "Integrated Account GBP Savings",
				"accountNumber": "204-181838-883",
				"accountNumberValue": "204181838883"
			},
			"transferAmount": {
				"currency": "USD",
				"amount": 131.55
			},
			"instructionSystemReference": "N42064877929",
			"remReference": "HS120040BI591623",
			"transactionDate": "2020-04-20",
			"tdsTransactionStatus": "inProgress"
		},
		{
			"dcpKey": "8vDy8GDw9GDy8GDx90v180v09Ev29fP39PY=",
			"transferDate": "2020-04-20",
			"beneficiaryName": "CHAT USD 12341111111111111111111111",
			"createDate": "2020-04-20-17.53.44.653746",
			"transactionType": "PYSGL3CP",
			"activityLogTransactionStatus": "C",
			"transferFrom": {
				"accountName": "Integrated Account GBP Savings",
				"accountNumber": "204-181838-883",
				"accountNumberValue": "204181838883"
			},
			"transferAmount": {
				"currency": "USD",
				"amount": 51.55
			},
			"instructionSystemReference": "N42064877930",
			"remReference": "HS120040BI591624",
			"transactionDate": "2020-04-20",
			"tdsTransactionStatus": "inProgress"
		},
		{
			"dcpKey": "8vDy8GDw9GDy8GDx90v19Ev190v09/j59PI=",
			"transferDate": "2020-04-20",
			"beneficiaryName": "CHAT USD 12341111111111111111111111",
			"createDate": "2020-04-20-17.54.57.478942",
			"transactionType": "PYSGL3CP",
			"activityLogTransactionStatus": "C",
			"transferFrom": {
				"accountName": "Integrated Account GBP Savings",
				"accountNumber": "204-181838-883",
				"accountNumberValue": "204181838883"
			},
			"transferAmount": {
				"currency": "USD",
				"amount": 85.55
			},
			"instructionSystemReference": "N42064877931",
			"remReference": "HS120040BI591625",
			"transactionDate": "2020-04-20",
			"tdsTransactionStatus": "inProgress"
		},
		{
			"dcpKey": "8vDy8GDw9GDy8GDx90v19kvx80vx9/Hw8PY=",
			"transferDate": "2020-04-20",
			"beneficiaryName": "CHAT USD 12341111111111111111111111",
			"createDate": "2020-04-20-17.56.13.171006",
			"transactionType": "PYSGL3CP",
			"activityLogTransactionStatus": "C",
			"transferFrom": {
				"accountName": "Integrated Account GBP Savings",
				"accountNumber": "204-181838-883",
				"accountNumberValue": "204181838883"
			},
			"transferAmount": {
				"currency": "USD",
				"amount": 174.55
			},
			"instructionSystemReference": "N42064877932",
			"remReference": "HS120040BI591626",
			"transactionDate": "2020-04-20",
			"tdsTransactionStatus": "inProgress"
		},
		{
			"dcpKey": "8vDy8GDw9GDy8GDx90v190vy9kvx9vDx8fA=",
			"transferDate": "2020-04-20",
			"beneficiaryName": "CHAT USD 12341111111111111111111111",
			"createDate": "2020-04-20-17.57.26.160110",
			"transactionType": "PYSGL3CP",
			"activityLogTransactionStatus": "C",
			"transferFrom": {
				"accountName": "Integrated Account GBP Savings",
				"accountNumber": "204-181838-883",
				"accountNumberValue": "204181838883"
			},
			"transferAmount": {
				"currency": "USD",
				"amount": 156.55
			},
			"instructionSystemReference": "N42064877916",
			"remReference": "HS120040BI591627",
			"transactionDate": "2020-04-20",
			"tdsTransactionStatus": "inProgress"
		},
		{
			"dcpKey": "8vDy8GDw9GDy8GDx90v1+Evz+Uv28/Tx8vQ=",
			"transferDate": "2020-04-20",
			"beneficiaryName": "CHAT USD 12341111111111111111111111",
			"createDate": "2020-04-20-17.58.39.634124",
			"transactionType": "PYSGL3CP",
			"activityLogTransactionStatus": "C",
			"transferFrom": {
				"accountName": "Integrated Account GBP Savings",
				"accountNumber": "204-181838-883",
				"accountNumberValue": "204181838883"
			},
			"transferAmount": {
				"currency": "USD",
				"amount": 73.55
			},
			"instructionSystemReference": "N42064877934",
			"remReference": "HS120040BI591628",
			"transactionDate": "2020-04-20",
			"tdsTransactionStatus": "inProgress"
		},
		{
			"dcpKey": "8vDy8GDw9GDx9mDx9Evx8kvz+Uvx9vP5+fc=",
			"transferDate": "2020-04-16",
			"beneficiaryName": "CHAT CNY IN ENENENENENENENENENENENE",
			"createDate": "2020-04-16-14.12.39.163997",
			"transactionType": "PYSGL3RP",
			"activityLogTransactionStatus": "I",
			"transferFrom": {
				"accountName": "Integrated Account CNY Savings",
				"accountNumber": "204-181838-883",
				"accountNumberValue": "204181838883"
			},
			"transferAmount": {
				"currency": "CNY",
				"amount": 33.15
			},
			"instructionSystemReference": "N41664585945",
			"remReference": "HS116040BI591606",
			"transactionDate": "2020-04-16",
			"tdsTransactionStatus": "inProgress"
		},
		{
			"dcpKey": "8vDy8GDw9GDx82Dx9kv090vy8kvx8fHy9fc=",
			"transferDate": "2020-04-14",
			"beneficiaryName": "REM04013",
			"createDate": "2020-04-13-16.47.22.111257",
			"transactionType": "PYSGL3RP",
			"activityLogTransactionStatus": "I",
			"transferFrom": {
				"accountName": "HKD Savings",
				"accountNumber": "200-8-000123",
				"accountNumberValue": "2008000123"
			},
			"transferAmount": {
				"currency": "AUD",
				"amount": 5
			},
			"instructionSystemReference": "N41464569622",
			"remReference": "HS114040BI522265",
			"transactionDate": "2020-04-14",
			"tdsTransactionStatus": "inProgress"
		},
		{
			"dcpKey": "8vDy8GDw9GDx82Dx+Uv19kvx80v38vDz8Pc=",
			"transferDate": "2020-04-14",
			"beneficiaryName": "SA",
			"createDate": "2020-04-13-19.56.13.720307",
			"transactionType": "PYSGL3RP",
			"activityLogTransactionStatus": "I",
			"transferFrom": {
				"accountName": "HKD Savings",
				"accountNumber": "200-8-000123",
				"accountNumberValue": "2008000123"
			},
			"transferAmount": {
				"currency": "HKD",
				"amount": 21
			},
			"instructionSystemReference": "N41464569777",
			"remReference": "HS114040BI522272",
			"transactionDate": "2020-04-14",
			"tdsTransactionStatus": "inProgress"
		},
		{
			"dcpKey": "8vDy8GDw9GDx9GDx8kv18Evw80vy9/bz8PA=",
			"transferDate": "2020-04-14",
			"beneficiaryName": "FWEF",
			"createDate": "2020-04-14-12.50.03.276300",
			"transactionType": "PYSGL3CP",
			"activityLogTransactionStatus": "I",
			"transferFrom": {
				"accountName": "Integrated Account CNY Savings",
				"accountNumber": "204-181838-883",
				"accountNumberValue": "204181838883"
			},
			"transferAmount": {
				"currency": "HKD",
				"amount": 234
			},
			"instructionSystemReference": "N41464570930",
			"remReference": "HS114040BI591601",
			"transactionDate": "2020-04-14",
			"tdsTransactionStatus": "inProgress"
		},
		{
			"dcpKey": "8vDy8GDw9GDx9GDx9Uvz80vy9kvw9vnx9Pc=",
			"transferDate": "2020-04-14",
			"beneficiaryName": "XX XX XXX XXXXX",
			"createDate": "2020-04-14-15.33.26.069147",
			"transactionType": "PYSGL3CP",
			"activityLogTransactionStatus": "I",
			"transferFrom": {
				"accountName": "HKD Savings",
				"accountNumber": "200-8-000123",
				"accountNumberValue": "2008000123"
			},
			"transferAmount": {
				"currency": "HKD",
				"amount": 0.02
			},
			"instructionSystemReference": "N41464571034",
			"remReference": "HS114040BI591602",
			"transactionDate": "2020-04-14",
			"tdsTransactionStatus": "inProgress"
		},
		{
			"dcpKey": "8vDy8GDw9GDx9GDx9kvx90vw80v08fbx8/I=",
			"transferDate": "2020-04-14",
			"beneficiaryName": "213",
			"createDate": "2020-04-14-16.17.03.416132",
			"transactionType": "PYSGL3RP",
			"activityLogTransactionStatus": "I",
			"transferFrom": {
				"accountName": "HKD Savings",
				"accountNumber": "200-8-000123",
				"accountNumberValue": "2008000123"
			},
			"transferAmount": {
				"currency": "HKD",
				"amount": 100
			},
			"instructionSystemReference": "N41464571487",
			"remReference": "HS114040BI522281",
			"transactionDate": "2020-04-14",
			"tdsTransactionStatus": "inProgress"
		},
		{
			"dcpKey": "8vDy8GDw9GDx9GDx+Uvy8Uvy8kvz8fT38Pc=",
			"transferDate": "2020-04-14",
			"beneficiaryName": "SA",
			"createDate": "2020-04-14-19.21.22.314707",
			"transactionType": "PYSGL3RP",
			"activityLogTransactionStatus": "I",
			"transferFrom": {
				"accountName": "HKD Savings",
				"accountNumber": "200-8-000123",
				"accountNumberValue": "2008000123"
			},
			"transferAmount": {
				"currency": "HKD",
				"amount": 31
			},
			"instructionSystemReference": "N41464572095",
			"remReference": "HS114040BI522286",
			"transactionDate": "2020-04-14",
			"tdsTransactionStatus": "inProgress"
		},
		{
			"dcpKey": "8vDy8GDw9GDx9GDy8Uv180vy8Ev39/nx9vE=",
			"transferDate": "2020-04-14",
			"beneficiaryName": "SA",
			"createDate": "2020-04-14-21.53.20.779161",
			"transactionType": "PYSGL3RP",
			"activityLogTransactionStatus": "I",
			"transferFrom": {
				"accountName": "HKD Savings",
				"accountNumber": "200-8-000123",
				"accountNumberValue": "2008000123"
			},
			"transferAmount": {
				"currency": "HKD",
				"amount": 31
			},
			"instructionSystemReference": "N41464572263",
			"remReference": "HS114040BI522290",
			"transactionDate": "2020-04-14",
			"tdsTransactionStatus": "inProgress"
		},
		{
			"dcpKey": "8vDy8GDw9GDx9GDy8kvw8Uv19Ev18vD29/g=",
			"transferDate": "2020-04-14",
			"beneficiaryName": "SA",
			"createDate": "2020-04-14-22.01.54.520678",
			"transactionType": "PYSGL3RP",
			"activityLogTransactionStatus": "I",
			"transferFrom": {
				"accountName": "HKD Savings",
				"accountNumber": "200-8-000123",
				"accountNumberValue": "2008000123"
			},
			"transferAmount": {
				"currency": "HKD",
				"amount": 31
			},
			"instructionSystemReference": "N41464572247",
			"remReference": "HS114040BI522291",
			"transactionDate": "2020-04-14",
			"tdsTransactionStatus": "inProgress"
		},
		{
			"dcpKey": "8vDy8GDw9GDw+WDx+Uvw8Evx9Ev58ff08vM=",
			"transferDate": "2020-04-09",
			"beneficiaryName": "SA",
			"createDate": "2020-04-09-19.00.14.917423",
			"transactionType": "PYSGL3RP",
			"activityLogTransactionStatus": "I",
			"transferFrom": {
				"accountName": "HKD Savings",
				"accountNumber": "200-8-000123",
				"accountNumberValue": "2008000123"
			},
			"transferAmount": {
				"currency": "HKD",
				"amount": 100
			},
			"instructionSystemReference": "N40964568397",
			"remReference": "HS109040BI522246",
			"transactionDate": "2020-04-09",
			"tdsTransactionStatus": "inProgress"
		},
		{
			"dcpKey": "8vDy8GDw9GDw+GDx9Evw80v19Uvw8fP1+PU=",
			"transferDate": "2020-04-08",
			"beneficiaryName": "ORTT SHARON",
			"createDate": "2020-04-08-14.03.55.013585",
			"transactionType": "PYSGL3RP",
			"activityLogTransactionStatus": "I",
			"transferFrom": {
				"accountName": "Integrated Account HKD Current",
				"accountNumber": "204-181838-883",
				"accountNumberValue": "204181838883"
			},
			"transferAmount": {
				"currency": "HKD",
				"amount": 1
			},
			"instructionSystemReference": "N40864566737",
			"remReference": "HS108040BI522224",
			"transactionDate": "2020-04-08",
			"tdsTransactionStatus": "inProgress"
		},
		{
			"dcpKey": "8vDy8GDw9GDw+GDx9Evx8Uvy9kv48fn38/c=",
			"transferDate": "2020-04-08",
			"beneficiaryName": "SHAR",
			"createDate": "2020-04-08-14.11.26.819737",
			"transactionType": "PYSGL3RP",
			"activityLogTransactionStatus": "I",
			"transferFrom": {
				"accountName": "Integrated Account HKD Current",
				"accountNumber": "204-181838-883",
				"accountNumberValue": "204181838883"
			},
			"transferAmount": {
				"currency": "HKD",
				"amount": 1.1
			},
			"instructionSystemReference": "N40864566748",
			"remReference": "HS108040BI522226",
			"transactionDate": "2020-04-08",
			"tdsTransactionStatus": "inProgress"
		},
		{
			"dcpKey": "8vDy8GDw9GDw+GDx9Evx9kv180vw8vfy9PI=",
			"transferDate": "2020-04-08",
			"beneficiaryName": "SHAR2",
			"createDate": "2020-04-08-14.16.53.027242",
			"transactionType": "PYSGL3RP",
			"activityLogTransactionStatus": "C",
			"transferFrom": {
				"accountName": "Integrated Account HKD Current",
				"accountNumber": "204-181838-883",
				"accountNumberValue": "204181838883"
			},
			"transferAmount": {
				"currency": "HKD",
				"amount": 1.2
			},
			"instructionSystemReference": "N40864566754",
			"remReference": "HS108040BI522227",
			"transactionDate": "2020-04-08",
			"tdsTransactionStatus": "inProgress"
		},
		{
			"dcpKey": "8vDy8GDw9GDw+GDy8kv08Evx8Uv49PT3+fM=",
			"transferDate": "2020-04-08",
			"beneficiaryName": "SA",
			"createDate": "2020-04-08-22.40.11.844793",
			"transactionType": "PYSGL3RP",
			"activityLogTransactionStatus": "I",
			"transferFrom": {
				"accountName": "HKD Savings",
				"accountNumber": "200-8-000123",
				"accountNumberValue": "2008000123"
			},
			"transferAmount": {
				"currency": "HKD",
				"amount": 100
			},
			"instructionSystemReference": "N40864567160",
			"remReference": "HS108040BI522234",
			"transactionDate": "2020-04-08",
			"tdsTransactionStatus": "inProgress"
		},
		{
			"dcpKey": "8vDy8GDw9GDw82Dw8Evw9kv09Ev2+fX2+fY=",
			"transferDate": "2020-04-03",
			"beneficiaryName": "REM RAN",
			"createDate": "2020-04-03-00.06.44.695696",
			"transactionType": "PYSGL3RP",
			"activityLogTransactionStatus": "I",
			"transferFrom": {
				"accountName": "Integrated Account HKD Savings",
				"accountNumber": "204-181838-883",
				"accountNumberValue": "204181838883"
			},
			"transferAmount": {
				"currency": "HKD",
				"amount": 31.15
			},
			"instructionSystemReference": "N40364561849",
			"remReference": "HS103040BI522190",
			"transactionDate": "2020-04-03",
			"tdsTransactionStatus": "inProgress"
		},
		{
			"dcpKey": "8vDy8GDw9GDw82Dw8Evx8Uv18Uv19/L49/E=",
			"transferDate": "2020-04-03",
			"beneficiaryName": "AUTO CHATS",
			"createDate": "2020-04-03-00.11.51.572871",
			"transactionType": "PYSGL3CP",
			"activityLogTransactionStatus": "I",
			"transferFrom": {
				"accountName": "Integrated Account HKD Savings",
				"accountNumber": "204-181838-883",
				"accountNumberValue": "204181838883"
			},
			"transferAmount": {
				"currency": "HKD",
				"amount": 33.33
			},
			"instructionSystemReference": "N40364561863",
			"remReference": "HS103040BI591592",
			"transactionDate": "2020-04-03",
			"tdsTransactionStatus": "inProgress"
		},
		{
			"dcpKey": "8vDy8GDw9GDw82Dw8Evz8Evx8Ev59PT09PU=",
			"transferDate": "2020-04-03",
			"beneficiaryName": "CHAT CNY IN ENEN",
			"createDate": "2020-04-03-00.30.10.944445",
			"transactionType": "PYSGL3RP",
			"activityLogTransactionStatus": "I",
			"transferFrom": {
				"accountName": "Integrated Account HKD Savings",
				"accountNumber": "204-181838-883",
				"accountNumberValue": "204181838883"
			},
			"transferAmount": {
				"currency": "CNY",
				"amount": 31.15
			},
			"instructionSystemReference": "N40364561866",
			"remReference": "HS103040BI591593",
			"transactionDate": "2020-04-03",
			"tdsTransactionStatus": "inProgress"
		},
		{
			"dcpKey": "8vDy8GDw9GDw82Dw8Evz9Uvw9Uvx9fHz9fQ=",
			"transferDate": "2020-04-03",
			"beneficiaryName": "CHAT CNY IN ENEN",
			"createDate": "2020-04-03-00.35.05.151354",
			"transactionType": "PYSGL3RP",
			"activityLogTransactionStatus": "I",
			"transferFrom": {
				"accountName": "Integrated Account HKD Savings",
				"accountNumber": "204-181838-883",
				"accountNumberValue": "204181838883"
			},
			"transferAmount": {
				"currency": "CNY",
				"amount": 31.15
			},
			"instructionSystemReference": "N40364561851",
			"remReference": "HS103040BI591594",
			"transactionDate": "2020-04-03",
			"tdsTransactionStatus": "inProgress"
		},
		{
			"dcpKey": "8vDy8GDw9GDw82Dx80vx9kvx9Ev18PPx8/U=",
			"transferDate": "2020-04-03",
			"beneficiaryName": "2222",
			"createDate": "2020-04-03-13.16.14.503135",
			"transactionType": "PYSGL3RP",
			"activityLogTransactionStatus": "I",
			"transferFrom": {
				"accountName": "HKD Savings",
				"accountNumber": "200-8-000123",
				"accountNumberValue": "2008000123"
			},
			"transferAmount": {
				"currency": "HKD",
				"amount": 30
			},
			"instructionSystemReference": "N40364562799",
			"remReference": "HS103040BI522193",
			"transactionDate": "2020-04-03",
			"tdsTransactionStatus": "inProgress"
		},
		{
			"dcpKey": "8vDy8GDw9GDw82Dx+Uvw9kv080vy8fT59/M=",
			"transferDate": "2020-04-03",
			"beneficiaryName": "22",
			"createDate": "2020-04-03-19.06.43.214973",
			"transactionType": "PYSGL3RP",
			"activityLogTransactionStatus": "I",
			"transferFrom": {
				"accountName": "HKD Savings",
				"accountNumber": "200-8-000123",
				"accountNumberValue": "2008000123"
			},
			"transferAmount": {
				"currency": "HKD",
				"amount": 100
			},
			"instructionSystemReference": "N40364563079",
			"remReference": "HS103040BI522196",
			"transactionDate": "2020-04-03",
			"tdsTransactionStatus": "inProgress"
		},
		{
			"dcpKey": "8vDy8GDw9GDw8mDx8Evz+Uvz+Uvz9/T08fg=",
			"transferDate": "2020-04-02",
			"beneficiaryName": "213DSS",
			"createDate": "2020-04-02-10.39.39.374418",
			"transactionType": "PYSGL3RP",
			"activityLogTransactionStatus": "I",
			"transferFrom": {
				"accountName": "HKD Statement Savings",
				"accountNumber": "203-100961-668",
				"accountNumberValue": "203100961668"
			},
			"transferAmount": {
				"currency": "HKD",
				"amount": 33
			},
			"instructionSystemReference": "N40264561319",
			"remReference": "HS102040BI522179",
			"transactionDate": "2020-04-02",
			"tdsTransactionStatus": "inProgress"
		},
		{
			"dcpKey": "8vDy8GDw9GDw8mDx8Ev1+Uv090vx8PP5+Pg=",
			"transferDate": "2020-04-02",
			"beneficiaryName": "EXPRESS",
			"createDate": "2020-04-02-10.59.47.103988",
			"transactionType": "PYSGL3CP",
			"activityLogTransactionStatus": "I",
			"transferFrom": {
				"accountName": "Integrated Account HKD Savings",
				"accountNumber": "204-181838-883",
				"accountNumberValue": "204181838883"
			},
			"transferAmount": {
				"currency": "HKD",
				"amount": 33.33
			},
			"instructionSystemReference": "N40264561356",
			"remReference": "HS102040BI591587",
			"transactionDate": "2020-04-03",
			"tdsTransactionStatus": "inProgress"
		},
		{
			"dcpKey": "8vDy8GDw9GDw8mDx8Uv19Ev0+Ev09fTw9vc=",
			"transferDate": "2020-04-02",
			"beneficiaryName": "REM RAN",
			"createDate": "2020-04-02-11.54.48.454067",
			"transactionType": "PYSGL3RP",
			"activityLogTransactionStatus": "I",
			"transferFrom": {
				"accountName": "Integrated Account USD Savings",
				"accountNumber": "204-181838-883",
				"accountNumberValue": "204181838883"
			},
			"transferAmount": {
				"currency": "HKD",
				"amount": 31.15
			},
			"instructionSystemReference": "N40264561399",
			"remReference": "HS102040BI522181",
			"transactionDate": "2020-04-02",
			"tdsTransactionStatus": "inProgress"
		},
		{
			"dcpKey": "8vDy8GDw9GDw8mDx8Uv19kv180v59/P59PY=",
			"transferDate": "2020-04-02",
			"beneficiaryName": "REM RAN",
			"createDate": "2020-04-02-11.56.53.973946",
			"transactionType": "PYSGL3RP",
			"activityLogTransactionStatus": "I",
			"transferFrom": {
				"accountName": "Integrated Account USD Savings",
				"accountNumber": "204-181838-883",
				"accountNumberValue": "204181838883"
			},
			"transferAmount": {
				"currency": "HKD",
				"amount": 31.15
			},
			"instructionSystemReference": "N40264561420",
			"remReference": "HS102040BI522182",
			"transactionDate": "2020-04-02",
			"tdsTransactionStatus": "inProgress"
		},
		{
			"dcpKey": "8vDy8GDw9GDw8mDx9Evy9kvz+Ev29Pn18vE=",
			"transferDate": "2020-04-02",
			"beneficiaryName": "ORTT JPY SWIFT CODE NO INTER BANK",
			"createDate": "2020-04-02-14.26.38.649521",
			"transactionType": "PYSGL3RP",
			"activityLogTransactionStatus": "I",
			"transferFrom": {
				"accountName": "Integrated Account HKD Current",
				"accountNumber": "204-181838-883",
				"accountNumberValue": "204181838883"
			},
			"transferAmount": {
				"currency": "JPY",
				"amount": 2333
			},
			"instructionSystemReference": "N40264561466",
			"remReference": "HS102040BI522183",
			"transactionDate": "2020-04-02",
			"tdsTransactionStatus": "inProgress"
		},
		{
			"dcpKey": "8vDy8GDw9GDw8mDx9Evy90v1+Ev1+PT1+PA=",
			"transferDate": "2020-04-02",
			"beneficiaryName": "ORTT JPY SWIFT CODE NO INTER BANK",
			"createDate": "2020-04-02-14.27.58.584580",
			"transactionType": "PYSGL3RP",
			"activityLogTransactionStatus": "I",
			"transferFrom": {
				"accountName": "Integrated Account NZD Savings",
				"accountNumber": "204-181838-883",
				"accountNumberValue": "204181838883"
			},
			"transferAmount": {
				"currency": "JPY",
				"amount": 681
			},
			"instructionSystemReference": "N40264561468",
			"remReference": "HS102040BI522184",
			"transactionDate": "2020-04-02",
			"tdsTransactionStatus": "inProgress"
		},
		{
			"dcpKey": "8vDy8GDw9GDw8mDx9Uv18Evz90vz+Pj28/Y=",
			"transferDate": "2020-04-02",
			"beneficiaryName": "REM RAN",
			"createDate": "2020-04-02-15.50.37.388636",
			"transactionType": "PYSGL3RP",
			"activityLogTransactionStatus": "I",
			"transferFrom": {
				"accountName": "Integrated Account HKD Savings",
				"accountNumber": "204-181838-883",
				"accountNumberValue": "204181838883"
			},
			"transferAmount": {
				"currency": "HKD",
				"amount": 31.15
			},
			"instructionSystemReference": "N40264561545",
			"remReference": "HS102040BI522185",
			"transactionDate": "2020-04-02",
			"tdsTransactionStatus": "inProgress"
		},
		{
			"dcpKey": "8vDy8GDw9GDw8mDx9kvy9Evz90v0+fb58PM=",
			"transferDate": "2020-04-02",
			"beneficiaryName": "REM RAN",
			"createDate": "2020-04-02-16.24.37.496903",
			"transactionType": "PYSGL3RP",
			"activityLogTransactionStatus": "I",
			"transferFrom": {
				"accountName": "Integrated Account HKD Savings",
				"accountNumber": "204-181838-883",
				"accountNumberValue": "204181838883"
			},
			"transferAmount": {
				"currency": "HKD",
				"amount": 31.15
			},
			"instructionSystemReference": "N40264561586",
			"remReference": "HS102040BI522186",
			"transactionDate": "2020-04-02",
			"tdsTransactionStatus": "inProgress"
		},
		{
			"dcpKey": "8vDy8GDw9GDw8mDx9kv09Uv0+Ev49/Tz8fY=",
			"transferDate": "2020-04-02",
			"beneficiaryName": "CHAT HKD HDAKFAKDAAAAAAAAAAAAAAAAAA",
			"createDate": "2020-04-02-16.45.48.874316",
			"transactionType": "PYSGL3CP",
			"activityLogTransactionStatus": "I",
			"transferFrom": {
				"accountName": "Integrated Account AUD Savings",
				"accountNumber": "204-181838-883",
				"accountNumberValue": "204181838883"
			},
			"transferAmount": {
				"currency": "HKD",
				"amount": 233
			},
			"instructionSystemReference": "N40264561624",
			"remReference": "HS102040BI591589",
			"transactionDate": "2020-04-02",
			"tdsTransactionStatus": "inProgress"
		},
		{
			"dcpKey": "8vDy8GDw9GDw8mDx+Uvx+Uv08Uv0+fnw8/M=",
			"transferDate": "2020-04-02",
			"beneficiaryName": "CHAT HKD HDAKFAKDAAAAAAAAAAAAAAAAAA",
			"createDate": "2020-04-02-19.19.41.499033",
			"transactionType": "PYSGL3CP",
			"activityLogTransactionStatus": "I",
			"transferFrom": {
				"accountName": "HKD Savings",
				"accountNumber": "200-8-000123",
				"accountNumberValue": "2008000123"
			},
			"transferAmount": {
				"currency": "HKD",
				"amount": 300
			},
			"instructionSystemReference": "N40264561742",
			"remReference": "HS102040BI591590",
			"transactionDate": "2020-04-02",
			"tdsTransactionStatus": "inProgress"
		},
		{
			"dcpKey": "8vDy8GDw9GDw8mDy80vw+Uvz9Ev39PX38vU=",
			"transferDate": "2020-04-02",
			"beneficiaryName": "CHAT123411",
			"createDate": "2020-04-02-23.09.34.745725",
			"transactionType": "PYSGL3CP",
			"activityLogTransactionStatus": "I",
			"transferFrom": {
				"accountName": "Integrated Account HKD Savings",
				"accountNumber": "204-181838-883",
				"accountNumberValue": "204181838883"
			},
			"transferAmount": {
				"currency": "HKD",
				"amount": 1233
			},
			"instructionSystemReference": "N40264561831",
			"remReference": "HS102040BI591591",
			"transactionDate": "2020-04-03",
			"tdsTransactionStatus": "inProgress"
		},
		{
			"dcpKey": "8vDy8GDw9GDw8mDy80vx8Ev19Uv08fT38fU=",
			"transferDate": "2020-04-02",
			"beneficiaryName": "ORTT USD BANK DETAIL INTER",
			"createDate": "2020-04-02-23.10.55.414715",
			"transactionType": "PYSGL3RP",
			"activityLogTransactionStatus": "I",
			"transferFrom": {
				"accountName": "Integrated Account HKD Current",
				"accountNumber": "204-181838-883",
				"accountNumberValue": "204181838883"
			},
			"transferAmount": {
				"currency": "USD",
				"amount": 233
			},
			"instructionSystemReference": "N40264561815",
			"remReference": "HS102040BI522189",
			"transactionDate": "2020-04-03",
			"tdsTransactionStatus": "inProgress"
		},
		{
			"dcpKey": "8vDy8GDw82Dz8GDx8Evx90v190v29/b09/M=",
			"transferDate": "2020-03-30",
			"beneficiaryName": "EXPRESS",
			"createDate": "2020-03-30-10.17.57.676473",
			"transactionType": "PYSGL3CP",
			"activityLogTransactionStatus": "C",
			"transferFrom": {
				"accountName": "Integrated Account HKD Savings",
				"accountNumber": "204-181838-883",
				"accountNumberValue": "204181838883"
			},
			"transferAmount": {
				"currency": "HKD",
				"amount": 33.33
			},
			"instructionSystemReference": "N33064559391",
			"remReference": "HS130030BI591573",
			"transactionDate": "2020-03-30",
			"tdsTransactionStatus": "inProgress"
		},
		{
			"dcpKey": "8vDy8GDw82Dz8GDx8Evy80vx8Uv3+fb09/U=",
			"transferDate": "2020-03-30",
			"beneficiaryName": "CHAT CNY IN ENEN",
			"createDate": "2020-03-30-10.23.11.796475",
			"transactionType": "PYSGL3RP",
			"activityLogTransactionStatus": "I",
			"transferFrom": {
				"accountName": "Integrated Account HKD Current",
				"accountNumber": "204-181838-883",
				"accountNumberValue": "204181838883"
			},
			"transferAmount": {
				"currency": "CNY",
				"amount": 321
			},
			"instructionSystemReference": "N33064559395",
			"remReference": "HS130030BI591574",
			"transactionDate": "2020-03-30",
			"tdsTransactionStatus": "inProgress"
		},
		{
			"dcpKey": "8vDy8GDw82Dz8GDx8Evz8Uvz9Ev29vf0+PI=",
			"transferDate": "2020-03-30",
			"beneficiaryName": "123411111",
			"createDate": "2020-03-30-10.31.34.667482",
			"transactionType": "PYSGL3CP",
			"activityLogTransactionStatus": "I",
			"transferFrom": {
				"accountName": "Integrated Account AUD Savings",
				"accountNumber": "204-181838-883",
				"accountNumberValue": "204181838883"
			},
			"transferAmount": {
				"currency": "HKD",
				"amount": 122
			},
			"instructionSystemReference": "N33064559399",
			"remReference": "HS130030BI591575",
			"transactionDate": "2020-03-30",
			"tdsTransactionStatus": "inProgress"
		},
		{
			"dcpKey": "8vDy8GDw82Dz8GDx8Evz8kvz+Ev5+Pnw9/g=",
			"transferDate": "2020-03-30",
			"beneficiaryName": "ORTT CNY BANK DETAIL INTER",
			"createDate": "2020-03-30-10.32.38.989078",
			"transactionType": "PYSGL3RP",
			"activityLogTransactionStatus": "I",
			"transferFrom": {
				"accountName": "Integrated Account HKD Current",
				"accountNumber": "204-181838-883",
				"accountNumberValue": "204181838883"
			},
			"transferAmount": {
				"currency": "CNY",
				"amount": 333
			},
			"instructionSystemReference": "N33064559400",
			"remReference": "HS130030BI522174",
			"transactionDate": "2020-03-30",
			"tdsTransactionStatus": "inProgress"
		},
		{
			"dcpKey": "8vDy8GDw82Dz8GDx8Ev19Evx8kvy9vn28fk=",
			"transferDate": "2020-03-30",
			"beneficiaryName": "12112",
			"createDate": "2020-03-30-10.54.12.269619",
			"transactionType": "PYSGL3CP",
			"activityLogTransactionStatus": "I",
			"transferFrom": {
				"accountName": "Integrated Account HKD Current",
				"accountNumber": "204-181838-883",
				"accountNumberValue": "204181838883"
			},
			"transferAmount": {
				"currency": "HKD",
				"amount": 311
			},
			"instructionSystemReference": "N33064559404",
			"remReference": "HS130030BI591576",
			"transactionDate": "2020-03-30",
			"tdsTransactionStatus": "inProgress"
		},
		{
			"dcpKey": "8vDy8GDw82Dz8GDx8Ev1+Ev090vw8PX59vQ=",
			"transferDate": "2020-03-30",
			"beneficiaryName": "1241111",
			"createDate": "2020-03-30-10.58.47.005964",
			"transactionType": "PYSGL3CP",
			"activityLogTransactionStatus": "I",
			"transferFrom": {
				"accountName": "Integrated Account HKD Current",
				"accountNumber": "204-181838-883",
				"accountNumberValue": "204181838883"
			},
			"transferAmount": {
				"currency": "HKD",
				"amount": 122
			},
			"instructionSystemReference": "N33064559406",
			"remReference": "HS130030BI591577",
			"transactionDate": "2020-03-30",
			"tdsTransactionStatus": "inProgress"
		},
		{
			"dcpKey": "8vDy8GDw82Dz8GDx8Uvx+Uv080v2+PD39/k=",
			"transferDate": "2020-03-30",
			"beneficiaryName": "ORTT CNY BANK DETAIL INTER",
			"createDate": "2020-03-30-11.19.43.680779",
			"transactionType": "PYSGL3RP",
			"activityLogTransactionStatus": "I",
			"transferFrom": {
				"accountName": "HKD Statement Savings",
				"accountNumber": "203-100961-668",
				"accountNumberValue": "203100961668"
			},
			"transferAmount": {
				"currency": "CNY",
				"amount": 122
			},
			"instructionSystemReference": "N33064559418",
			"remReference": "HS130030BI522175",
			"transactionDate": "2020-03-30",
			"tdsTransactionStatus": "inProgress"
		},
		{
			"dcpKey": "8vDy8GDw82Dz8GDx8Uvy8Evz8kv58/H0+PY=",
			"transferDate": "2020-03-30",
			"beneficiaryName": "ORTT JPY SWIFT CODE NO INTER BANK",
			"createDate": "2020-03-30-11.20.32.931486",
			"transactionType": "PYSGL3RP",
			"activityLogTransactionStatus": "I",
			"transferFrom": {
				"accountName": "Integrated Account HKD Current",
				"accountNumber": "204-181838-883",
				"accountNumberValue": "204181838883"
			},
			"transferAmount": {
				"currency": "JPY",
				"amount": 1223
			},
			"instructionSystemReference": "N33064559440",
			"remReference": "HS130030BI522176",
			"transactionDate": "2020-03-30",
			"tdsTransactionStatus": "inProgress"
		},
		{
			"dcpKey": "8vDy8GDw82Dz8GDx8Uvy8Uvw9Ev48fb59/c=",
			"transferDate": "2020-03-30",
			"beneficiaryName": "124111",
			"createDate": "2020-03-30-11.21.04.816977",
			"transactionType": "PYSGL3CP",
			"activityLogTransactionStatus": "I",
			"transferFrom": {
				"accountName": "HKD Current",
				"accountNumber": "203-101266-001",
				"accountNumberValue": "203101266001"
			},
			"transferAmount": {
				"currency": "HKD",
				"amount": 122
			},
			"instructionSystemReference": "N33064559441",
			"remReference": "HS130030BI591579",
			"transactionDate": "2020-03-30",
			"tdsTransactionStatus": "inProgress"
		},
		{
			"dcpKey": "8vDy8GDw82Dy92Dx90vw+Uvy+Uv09/jx9vY=",
			"transferDate": "2020-03-27",
			"beneficiaryName": "VFVR",
			"createDate": "2020-03-27-17.09.29.478166",
			"transactionType": "PYSGL3RP",
			"activityLogTransactionStatus": "I",
			"transferFrom": {
				"accountName": "Integrated Account HKD Current",
				"accountNumber": "204-181838-883",
				"accountNumberValue": "204181838883"
			},
			"transferAmount": {
				"currency": "HKD",
				"amount": 1
			},
			"instructionSystemReference": "N32764558843",
			"remReference": "HS127030BI522169",
			"transactionDate": "2020-03-27",
			"tdsTransactionStatus": "inProgress"
		},
		{
			"dcpKey": "8vDy8GDw82Dy82Dx8Uvz8kv1+Evz9PX49fc=",
			"transferDate": "2020-03-23",
			"beneficiaryName": "ORTT 1 LINE BANK DETAIL WITH INTERR",
			"createDate": "2020-03-23-11.32.58.345857",
			"transactionType": "PYSGL3RP",
			"activityLogTransactionStatus": "I",
			"transferFrom": {
				"accountName": "HKD Current",
				"accountNumber": "203-101266-001",
				"accountNumberValue": "203101266001"
			},
			"transferAmount": {
				"currency": "HKD",
				"amount": 111
			},
			"instructionSystemReference": "N32364505199",
			"remReference": "HS123030BI522162",
			"transactionDate": "2020-03-23",
			"tdsTransactionStatus": "inProgress"
		},
		{
			"dcpKey": "8vDy8GDw82Dy82Dx8Uv09Uvw9kv48/L08vg=",
			"transferDate": "2020-03-23",
			"beneficiaryName": "ORTT 2ND LINE",
			"createDate": "2020-03-23-11.45.06.832428",
			"transactionType": "PYSGL3RP",
			"activityLogTransactionStatus": "I",
			"transferFrom": {
				"accountName": "Integrated Account HKD Current",
				"accountNumber": "204-181838-883",
				"accountNumberValue": "204181838883"
			},
			"transferAmount": {
				"currency": "HKD",
				"amount": 122
			},
			"instructionSystemReference": "N32364505225",
			"remReference": "HS123030BI522163",
			"transactionDate": "2020-03-23",
			"tdsTransactionStatus": "inProgress"
		},
		{
			"dcpKey": "8vDy8GDw82Dy82Dx8Uv18Uv08Evy+fLx9/U=",
			"transferDate": "2020-03-23",
			"beneficiaryName": "HSBC MERCHANT",
			"createDate": "2020-03-23-11.51.40.292175",
			"transactionType": "PYSGL3CP",
			"activityLogTransactionStatus": "C",
			"transferFrom": {
				"accountName": "Integrated Account HKD Current",
				"accountNumber": "204-181838-883",
				"accountNumberValue": "204181838883"
			},
			"transferAmount": {
				"currency": "HKD",
				"amount": 1.77
			},
			"instructionSystemReference": "N32364505231",
			"remReference": "HS123030BI591562",
			"transactionDate": "2020-03-23",
			"tdsTransactionStatus": "inProgress"
		}
	]
}