{
	"status": "Success",
	"responseCode": "000",
	"refCode": "",
	"moreFlag": "N",
	"recordCursor": "8vDy8GDw82Dx8GDx9Evy8Evx+Uv19vT1+PY=",
	"paymentTrackerSummaryList": [
		{
			"dcpKey": "8vDy8GDw82Dy82Dx8Uv19Uvx9kvz8vD59fY=",
			"transferDate": "2020-03-23",
			"beneficiaryName": "ORTT 3RD LINE",
			"createDate": "2020-03-23-11.55.16.320956",
			"transactionType": "PYSGL3RP",
			"activityLogTransactionStatus": "I",
			"transferFrom": {
				"accountName": "Integrated Account CAD Savings",
				"accountNumber": "204-181838-883",
				"accountNumberValue": "204181838883"
			},
			"transferAmount": {
				"currency": "HKD",
				"amount": 332
			},
			"instructionSystemReference": "N32364505233",
			"remReference": "HS123030BI522164",
			"transactionDate": "2020-03-23",
			"tdsTransactionStatus": "inProgress"
		},
		{
			"dcpKey": "8vDy8GDw82Dx8mDx9Uvz80vy8Ev39vbw9PM=",
			"transferDate": "2020-03-21",
			"beneficiaryName": "ORTT UNLISTED BANK DETAIL",
			"createDate": "2020-03-12-15.33.20.766043",
			"transactionType": "PYSGL3RP",
			"activityLogTransactionStatus": "I",
			"transferFrom": {
				"accountName": "Integrated Account HKD Current",
				"accountNumber": "204-181838-883",
				"accountNumberValue": "204181838883"
			},
			"transferAmount": {
				"currency": "HKD",
				"amount": 332.1
			},
			"instructionSystemReference": "N31264409219",
			"remReference": "HS121030BI522161",
			"transactionDate": "2020-03-21",
			"tdsTransactionStatus": "inProgress"
		},
		{
			"dcpKey": "8vDy8GDw82Dx92Dx8Evz90v09Evw+fXw8PM=",
			"transferDate": "2020-03-17",
			"beneficiaryName": "ORTT USD BANK DETAIL INTER",
			"createDate": "2020-03-17-10.37.44.095003",
			"transactionType": "PYSGL3RP",
			"activityLogTransactionStatus": "I",
			"transferFrom": {
				"accountName": "HKD Savings",
				"accountNumber": "200-8-000123",
				"accountNumberValue": "2008000123"
			},
			"transferAmount": {
				"currency": "USD",
				"amount": 34.55
			},
			"instructionSystemReference": "N31764501355",
			"remReference": "HS117030BI522154",
			"transactionDate": "2020-03-17",
			"tdsTransactionStatus": "inProgress"
		},
		{
			"dcpKey": "8vDy8GDw82Dx92Dx8Ev090vy9Uv19/b49vQ=",
			"transferDate": "2020-03-17",
			"beneficiaryName": "ORTT USD BANK DETAIL INTER",
			"createDate": "2020-03-17-10.47.25.576864",
			"transactionType": "PYSGL3RP",
			"activityLogTransactionStatus": "I",
			"transferFrom": {
				"accountName": "HKD Current",
				"accountNumber": "203-101282-001",
				"accountNumberValue": "203101282001"
			},
			"transferAmount": {
				"currency": "USD",
				"amount": 34.55
			},
			"instructionSystemReference": "N31764501380",
			"remReference": "HS117030BI522155",
			"transactionDate": "2020-03-17",
			"tdsTransactionStatus": "inProgress"
		},
		{
			"dcpKey": "8vDy8GDw82Dx92Dx8Ev18Uvz9Uvx9vL18PI=",
			"transferDate": "2020-03-17",
			"beneficiaryName": "ORTT CNY BANK DETAIL INTER",
			"createDate": "2020-03-17-10.51.35.162502",
			"transactionType": "PYSGL3RP",
			"activityLogTransactionStatus": "I",
			"transferFrom": {
				"accountName": "Integrated Account CAD Savings",
				"accountNumber": "204-181838-883",
				"accountNumberValue": "204181838883"
			},
			"transferAmount": {
				"currency": "CNY",
				"amount": 378.3
			},
			"instructionSystemReference": "N31764501382",
			"remReference": "HS117030BI522156",
			"transactionDate": "2020-03-17",
			"tdsTransactionStatus": "inProgress"
		},
		{
			"dcpKey": "8vDy8GDw82Dx92Dx90vy90v18kvy8fnz8fk=",
			"transferDate": "2020-03-17",
			"beneficiaryName": "CHAT CNY IN ENENENENENENENENENENENE",
			"createDate": "2020-03-17-17.27.52.219319",
			"transactionType": "PYSGL3RP",
			"activityLogTransactionStatus": "I",
			"transferFrom": {
				"accountName": "Integrated Account HKD Savings",
				"accountNumber": "204-181838-883",
				"accountNumberValue": "204181838883"
			},
			"transferAmount": {
				"currency": "CNY",
				"amount": 33.89
			},
			"instructionSystemReference": "N31764501616",
			"remReference": "HS117030BI591559",
			"transactionDate": "2020-03-17",
			"tdsTransactionStatus": "inProgress"
		},
		{
			"dcpKey": "8vDy8GDw82Dx9mDx9kvy8kvy8Uv39vXx9vg=",
			"transferDate": "2020-03-16",
			"beneficiaryName": "EXPRESS",
			"createDate": "2020-03-16-16.22.21.765168",
			"transactionType": "PYSGL3CP",
			"activityLogTransactionStatus": "C",
			"transferFrom": {
				"accountName": "Integrated Account HKD Savings",
				"accountNumber": "204-181838-883",
				"accountNumberValue": "204181838883"
			},
			"transferAmount": {
				"currency": "HKD",
				"amount": 33.33
			},
			"instructionSystemReference": "N31664501079",
			"remReference": "HS116030BI591558",
			"transactionDate": "2020-03-16",
			"tdsTransactionStatus": "inProgress"
		},
		{
			"dcpKey": "8vDy8GDw82Dx82Dx8kv090vx8Evy8PLz9fQ=",
			"transferDate": "2020-03-13",
			"beneficiaryName": "45676543",
			"createDate": "2020-03-13-12.47.10.202354",
			"transactionType": "PYSGL3RP",
			"activityLogTransactionStatus": "I",
			"transferFrom": {
				"accountName": "HKD Savings",
				"accountNumber": "200-8-000123",
				"accountNumberValue": "2008000123"
			},
			"transferAmount": {
				"currency": "HKD",
				"amount": 8
			},
			"instructionSystemReference": "N31364444794",
			"remReference": "HS113030BI522144",
			"transactionDate": "2020-03-13",
			"tdsTransactionStatus": "inProgress"
		},
		{
			"dcpKey": "8vDy8GDw82Dx8mDx9Uvy8kvw80v18PDz8/I=",
			"transferDate": "2020-03-12",
			"beneficiaryName": "CLEARING CODE 20200312",
			"createDate": "2020-03-12-15.22.03.500332",
			"transactionType": "PYSGL3RP",
			"activityLogTransactionStatus": "I",
			"transferFrom": {
				"accountName": "Integrated Account CAD Savings",
				"accountNumber": "204-181838-883",
				"accountNumberValue": "204181838883"
			},
			"transferAmount": {
				"currency": "HKD",
				"amount": 322.3
			},
			"instructionSystemReference": "N31264409211",
			"remReference": "HS112030BI522131",
			"transactionDate": "2020-03-12",
			"tdsTransactionStatus": "inProgress"
		},
		{
			"dcpKey": "8vDy8GDw82Dx8mDx9Uvz+Ev08Evw+fj48vc=",
			"transferDate": "2020-03-12",
			"beneficiaryName": "ORTT UNLISTED SWIFT CODE INTER",
			"createDate": "2020-03-12-15.38.40.098827",
			"transactionType": "PYSGL3RP",
			"activityLogTransactionStatus": "C",
			"transferFrom": {
				"accountName": "Integrated Account HKD Savings",
				"accountNumber": "204-181838-883",
				"accountNumberValue": "204181838883"
			},
			"transferAmount": {
				"currency": "HKD",
				"amount": 6332.3
			},
			"instructionSystemReference": "N31264409230",
			"remReference": "HS112030BI522132",
			"transactionDate": "2020-03-12",
			"tdsTransactionStatus": "inProgress"
		},
		{
			"dcpKey": "8vDy8GDw82Dx8GDx9Evx8Ev08kv1+PT29vI=",
			"transferDate": "2020-03-10",
			"beneficiaryName": "中文测试收款人",
			"createDate": "2020-03-10-14.10.42.584662",
			"transactionType": "PYSGL3RP",
			"activityLogTransactionStatus": "I",
			"transferFrom": {
				"accountName": "Integrated Account USD Savings",
				"accountNumber": "204-181838-883",
				"accountNumberValue": "204181838883"
			},
			"transferAmount": {
				"currency": "HKD",
				"amount": 1004.37
			},
			"instructionSystemReference": "N31064301644",
			"remReference": "HS110030BI522120",
			"transactionDate": "2020-03-11",
			"tdsTransactionStatus": "inProgress"
		},
		{
			"dcpKey": "8vDy8GDw82Dx8GDx9Evx80vx9kvw8fXw8vg=",
			"transferDate": "2020-03-10",
			"beneficiaryName": "REM RAN",
			"createDate": "2020-03-10-14.13.16.015028",
			"transactionType": "PYSGL3RP",
			"activityLogTransactionStatus": "I",
			"transferFrom": {
				"accountName": "Integrated Account HKD Savings",
				"accountNumber": "204-181838-883",
				"accountNumberValue": "204181838883"
			},
			"transferAmount": {
				"currency": "CNY",
				"amount": 31.15
			},
			"instructionSystemReference": "N31064301635",
			"remReference": "HS110030BI591537",
			"transactionDate": "2020-03-10",
			"tdsTransactionStatus": "inProgress"
		},
		{
			"dcpKey": "8vDy8GDw82Dx8GDx9Evx9Ev080v38vj39Pc=",
			"transferDate": "2020-03-10",
			"beneficiaryName": "REM RAN",
			"createDate": "2020-03-10-14.14.43.728747",
			"transactionType": "PYSGL3RP",
			"activityLogTransactionStatus": "I",
			"transferFrom": {
				"accountName": "Integrated Account HKD Savings",
				"accountNumber": "204-181838-883",
				"accountNumberValue": "204181838883"
			},
			"transferAmount": {
				"currency": "CNY",
				"amount": 31.15
			},
			"instructionSystemReference": "N31064301636",
			"remReference": "HS110030BI591539",
			"transactionDate": "2020-03-10",
			"tdsTransactionStatus": "inProgress"
		},
		{
			"dcpKey": "8vDy8GDw82Dx8GDx9Evy8Evx+Uv19vT1+PY=",
			"transferDate": "2020-03-10",
			"beneficiaryName": "REM RAN",
			"createDate": "2020-03-10-14.20.19.564586",
			"transactionType": "PYSGL3RP",
			"activityLogTransactionStatus": "I",
			"transferFrom": {
				"accountName": "Integrated Account HKD Savings",
				"accountNumber": "204-181838-883",
				"accountNumberValue": "204181838883"
			},
			"transferAmount": {
				"currency": "CNY",
				"amount": 31.15
			},
			"instructionSystemReference": "N31064301637",
			"remReference": "HS110030BI591540",
			"transactionDate": "2020-03-10",
			"tdsTransactionStatus": "inProgress"
		}
	]
}